# JRE version: Java(TM) SE Runtime Environment (22.0.2+9) (build 22.0.2+9-70)
# Java VM: Java HotSpot(TM) 64-Bit Server VM (22.0.2+9-70, mixed mode, sharing, tiered, compressed oops, compressed class ptrs, g1 gc, windows-amd64)
GC Precious Log:
 CardTable entry size: 512
 Card Set container configuration: InlinePtr #cards 5 size 8 Array Of Cards #cards 12 size 40 Howl #buckets 4 coarsen threshold 1843 Howl Bitmap #cards 512 size 80 coarsen threshold 460 Card regions per heap region 1 cards per card region 2048
 CPUs: 12 total, 12 available
 Memory: 7514M
 Large Page Support: Disabled
 NUMA Support: Disabled
 Compressed Oops: Enabled (32-bit)
 Heap Region Size: 1M
 Heap Min Capacity: 8M
 Heap Initial Capacity: 118M
 Heap Max Capacity: 1880M
 Pre-touch: Disabled
 Parallel Workers: 10
 Concurrent Workers: 3
 Concurrent Refinement Workers: 10
 Periodic GC: Disabled
Heap:
 garbage-first heap   total reserved 1925120K, committed 68608K, used 47521K [0x000000008a800000, 0x0000000100000000)
  region size 1024K, 11 young (11264K), 1 survivors (1024K)
 Metaspace       used 84143K, committed 84928K, reserved 1179648K
  class space    used 11353K, committed 11712K, reserved 1048576K
GC Heap History (20 events):
Event: 57.380 GC heap before
{Heap before GC invocations=75 (full 0):
 garbage-first heap   total reserved 1925120K, committed 68608K, used 61047K [0x000000008a800000, 0x0000000100000000)
  region size 1024K, 24 young (24576K), 1 survivors (1024K)
 Metaspace       used 84141K, committed 84928K, reserved 1179648K
  class space    used 11353K, committed 11712K, reserved 1048576K
}
Event: 57.382 GC heap after
{Heap after GC invocations=76 (full 0):
 garbage-first heap   total reserved 1925120K, committed 68608K, used 38490K [0x000000008a800000, 0x0000000100000000)
  region size 1024K, 1 young (1024K), 1 survivors (1024K)
 Metaspace       used 84141K, committed 84928K, reserved 1179648K
  class space    used 11353K, committed 11712K, reserved 1048576K
}
Event: 58.352 GC heap before
{Heap before GC invocations=76 (full 0):
 garbage-first heap   total reserved 1925120K, committed 68608K, used 61018K [0x000000008a800000, 0x0000000100000000)
  region size 1024K, 24 young (24576K), 1 survivors (1024K)
 Metaspace       used 84143K, committed 84928K, reserved 1179648K
  class space    used 11353K, committed 11712K, reserved 1048576K
}
Event: 58.353 GC heap after
{Heap after GC invocations=77 (full 0):
 garbage-first heap   total reserved 1925120K, committed 68608K, used 38560K [0x000000008a800000, 0x0000000100000000)
  region size 1024K, 1 young (1024K), 1 survivors (1024K)
 Metaspace       used 84143K, committed 84928K, reserved 1179648K
  class space    used 11353K, committed 11712K, reserved 1048576K
}
Event: 59.261 GC heap before
{Heap before GC invocations=78 (full 0):
 garbage-first heap   total reserved 1925120K, committed 68608K, used 61088K [0x000000008a800000, 0x0000000100000000)
  region size 1024K, 24 young (24576K), 1 survivors (1024K)
 Metaspace       used 84143K, committed 84928K, reserved 1179648K
  class space    used 11353K, committed 11712K, reserved 1048576K
}
Event: 59.262 GC heap after
{Heap after GC invocations=79 (full 0):
 garbage-first heap   total reserved 1925120K, committed 68608K, used 38589K [0x000000008a800000, 0x0000000100000000)
  region size 1024K, 1 young (1024K), 1 survivors (1024K)
 Metaspace       used 84143K, committed 84928K, reserved 1179648K
  class space    used 11353K, committed 11712K, reserved 1048576K
}
Event: 60.223 GC heap before
{Heap before GC invocations=79 (full 0):
 garbage-first heap   total reserved 1925120K, committed 68608K, used 61117K [0x000000008a800000, 0x0000000100000000)
  region size 1024K, 24 young (24576K), 1 survivors (1024K)
 Metaspace       used 84143K, committed 84928K, reserved 1179648K
  class space    used 11353K, committed 11712K, reserved 1048576K
}
Event: 60.226 GC heap after
{Heap after GC invocations=80 (full 0):
 garbage-first heap   total reserved 1925120K, committed 68608K, used 38333K [0x000000008a800000, 0x0000000100000000)
  region size 1024K, 1 young (1024K), 1 survivors (1024K)
 Metaspace       used 84143K, committed 84928K, reserved 1179648K
  class space    used 11353K, committed 11712K, reserved 1048576K
}
Event: 61.131 GC heap before
{Heap before GC invocations=80 (full 0):
 garbage-first heap   total reserved 1925120K, committed 68608K, used 60861K [0x000000008a800000, 0x0000000100000000)
  region size 1024K, 24 young (24576K), 1 survivors (1024K)
 Metaspace       used 84143K, committed 84928K, reserved 1179648K
  class space    used 11353K, committed 11712K, reserved 1048576K
}
Event: 61.133 GC heap after
{Heap after GC invocations=81 (full 0):
 garbage-first heap   total reserved 1925120K, committed 68608K, used 38382K [0x000000008a800000, 0x0000000100000000)
  region size 1024K, 1 young (1024K), 1 survivors (1024K)
 Metaspace       used 84143K, committed 84928K, reserved 1179648K
  class space    used 11353K, committed 11712K, reserved 1048576K
}
Event: 62.047 GC heap before
{Heap before GC invocations=82 (full 0):
 garbage-first heap   total reserved 1925120K, committed 68608K, used 60910K [0x000000008a800000, 0x0000000100000000)
  region size 1024K, 24 young (24576K), 1 survivors (1024K)
 Metaspace       used 84143K, committed 84928K, reserved 1179648K
  class space    used 11353K, committed 11712K, reserved 1048576K
}
Event: 62.048 GC heap after
{Heap after GC invocations=83 (full 0):
 garbage-first heap   total reserved 1925120K, committed 68608K, used 38367K [0x000000008a800000, 0x0000000100000000)
  region size 1024K, 1 young (1024K), 1 survivors (1024K)
 Metaspace       used 84143K, committed 84928K, reserved 1179648K
  class space    used 11353K, committed 11712K, reserved 1048576K
}
Event: 62.867 GC heap before
{Heap before GC invocations=83 (full 0):
 garbage-first heap   total reserved 1925120K, committed 68608K, used 60895K [0x000000008a800000, 0x0000000100000000)
  region size 1024K, 24 young (24576K), 1 survivors (1024K)
 Metaspace       used 84143K, committed 84928K, reserved 1179648K
  class space    used 11353K, committed 11712K, reserved 1048576K
}
Event: 62.869 GC heap after
{Heap after GC invocations=84 (full 0):
 garbage-first heap   total reserved 1925120K, committed 68608K, used 38237K [0x000000008a800000, 0x0000000100000000)
  region size 1024K, 1 young (1024K), 1 survivors (1024K)
 Metaspace       used 84143K, committed 84928K, reserved 1179648K
  class space    used 11353K, committed 11712K, reserved 1048576K
}
Event: 63.624 GC heap before
{Heap before GC invocations=84 (full 0):
 garbage-first heap   total reserved 1925120K, committed 68608K, used 60765K [0x000000008a800000, 0x0000000100000000)
  region size 1024K, 24 young (24576K), 1 survivors (1024K)
 Metaspace       used 84143K, committed 84928K, reserved 1179648K
  class space    used 11353K, committed 11712K, reserved 1048576K
}
Event: 63.626 GC heap after
{Heap after GC invocations=85 (full 0):
 garbage-first heap   total reserved 1925120K, committed 68608K, used 38289K [0x000000008a800000, 0x0000000100000000)
  region size 1024K, 1 young (1024K), 1 survivors (1024K)
 Metaspace       used 84143K, committed 84928K, reserved 1179648K
  class space    used 11353K, committed 11712K, reserved 1048576K
}
Event: 64.734 GC heap before
{Heap before GC invocations=86 (full 0):
 garbage-first heap   total reserved 1925120K, committed 68608K, used 60817K [0x000000008a800000, 0x0000000100000000)
  region size 1024K, 24 young (24576K), 1 survivors (1024K)
 Metaspace       used 84143K, committed 84928K, reserved 1179648K
  class space    used 11353K, committed 11712K, reserved 1048576K
}
Event: 64.736 GC heap after
{Heap after GC invocations=87 (full 0):
 garbage-first heap   total reserved 1925120K, committed 68608K, used 38272K [0x000000008a800000, 0x0000000100000000)
  region size 1024K, 1 young (1024K), 1 survivors (1024K)
 Metaspace       used 84143K, committed 84928K, reserved 1179648K
  class space    used 11353K, committed 11712K, reserved 1048576K
}
Event: 65.718 GC heap before
{Heap before GC invocations=87 (full 0):
 garbage-first heap   total reserved 1925120K, committed 68608K, used 60800K [0x000000008a800000, 0x0000000100000000)
  region size 1024K, 24 young (24576K), 1 survivors (1024K)
 Metaspace       used 84143K, committed 84928K, reserved 1179648K
  class space    used 11353K, committed 11712K, reserved 1048576K
}
Event: 65.720 GC heap after
{Heap after GC invocations=88 (full 0):
 garbage-first heap   total reserved 1925120K, committed 68608K, used 38305K [0x000000008a800000, 0x0000000100000000)
  region size 1024K, 1 young (1024K), 1 survivors (1024K)
 Metaspace       used 84143K, committed 84928K, reserved 1179648K
  class space    used 11353K, committed 11712K, reserved 1048576K
}

