# JRE version: Java(TM) SE Runtime Environment (22.0.2+9) (build 22.0.2+9-70)
# Java VM: Java HotSpot(TM) 64-Bit Server VM (22.0.2+9-70, mixed mode, sharing, tiered, compressed oops, compressed class ptrs, g1 gc, windows-amd64)
GC Precious Log:
 CardTable entry size: 512
 Card Set container configuration: InlinePtr #cards 5 size 8 Array Of Cards #cards 12 size 40 Howl #buckets 4 coarsen threshold 1843 Howl Bitmap #cards 512 size 80 coarsen threshold 460 Card regions per heap region 1 cards per card region 2048
 CPUs: 12 total, 12 available
 Memory: 7514M
 Large Page Support: Disabled
 NUMA Support: Disabled
 Compressed Oops: Enabled (32-bit)
 Heap Region Size: 1M
 Heap Min Capacity: 8M
 Heap Initial Capacity: 118M
 Heap Max Capacity: 1880M
 Pre-touch: Disabled
 Parallel Workers: 10
 Concurrent Workers: 3
 Concurrent Refinement Workers: 10
 Periodic GC: Disabled
Heap:
 garbage-first heap   total reserved 1925120K, committed 106496K, used 50663K [0x000000008a800000, 0x0000000100000000)
  region size 1024K, 16 young (16384K), 1 survivors (1024K)
 Metaspace       used 91421K, committed 92480K, reserved 1179648K
  class space    used 11746K, committed 12288K, reserved 1048576K
GC Heap History (20 events):
Event: 42598.023 GC heap before
{Heap before GC invocations=133 (full 3):
 garbage-first heap   total reserved 1925120K, committed 106496K, used 96108K [0x000000008a800000, 0x0000000100000000)
  region size 1024K, 61 young (62464K), 2 survivors (2048K)
 Metaspace       used 91409K, committed 92480K, reserved 1179648K
  class space    used 11742K, committed 12288K, reserved 1048576K
}
Event: 42598.026 GC heap after
{Heap after GC invocations=134 (full 3):
 garbage-first heap   total reserved 1925120K, committed 106496K, used 36686K [0x000000008a800000, 0x0000000100000000)
  region size 1024K, 2 young (2048K), 2 survivors (2048K)
 Metaspace       used 91409K, committed 92480K, reserved 1179648K
  class space    used 11742K, committed 12288K, reserved 1048576K
}
Event: 42599.363 GC heap before
{Heap before GC invocations=134 (full 3):
 garbage-first heap   total reserved 1925120K, committed 106496K, used 96078K [0x000000008a800000, 0x0000000100000000)
  region size 1024K, 61 young (62464K), 2 survivors (2048K)
 Metaspace       used 91409K, committed 92480K, reserved 1179648K
  class space    used 11742K, committed 12288K, reserved 1048576K
}
Event: 42599.367 GC heap after
{Heap after GC invocations=135 (full 3):
 garbage-first heap   total reserved 1925120K, committed 106496K, used 36422K [0x000000008a800000, 0x0000000100000000)
  region size 1024K, 1 young (1024K), 1 survivors (1024K)
 Metaspace       used 91409K, committed 92480K, reserved 1179648K
  class space    used 11742K, committed 12288K, reserved 1048576K
}
Event: 42600.466 GC heap before
{Heap before GC invocations=135 (full 3):
 garbage-first heap   total reserved 1925120K, committed 106496K, used 97862K [0x000000008a800000, 0x0000000100000000)
  region size 1024K, 62 young (63488K), 1 survivors (1024K)
 Metaspace       used 91409K, committed 92480K, reserved 1179648K
  class space    used 11742K, committed 12288K, reserved 1048576K
}
Event: 42600.470 GC heap after
{Heap after GC invocations=136 (full 3):
 garbage-first heap   total reserved 1925120K, committed 106496K, used 36535K [0x000000008a800000, 0x0000000100000000)
  region size 1024K, 2 young (2048K), 2 survivors (2048K)
 Metaspace       used 91409K, committed 92480K, reserved 1179648K
  class space    used 11742K, committed 12288K, reserved 1048576K
}
Event: 42601.545 GC heap before
{Heap before GC invocations=137 (full 3):
 garbage-first heap   total reserved 1925120K, committed 106496K, used 95927K [0x000000008a800000, 0x0000000100000000)
  region size 1024K, 61 young (62464K), 2 survivors (2048K)
 Metaspace       used 91409K, committed 92480K, reserved 1179648K
  class space    used 11742K, committed 12288K, reserved 1048576K
}
Event: 42601.546 GC heap after
{Heap after GC invocations=138 (full 3):
 garbage-first heap   total reserved 1925120K, committed 106496K, used 36531K [0x000000008a800000, 0x0000000100000000)
  region size 1024K, 1 young (1024K), 1 survivors (1024K)
 Metaspace       used 91409K, committed 92480K, reserved 1179648K
  class space    used 11742K, committed 12288K, reserved 1048576K
}
Event: 42602.616 GC heap before
{Heap before GC invocations=138 (full 3):
 garbage-first heap   total reserved 1925120K, committed 106496K, used 97971K [0x000000008a800000, 0x0000000100000000)
  region size 1024K, 62 young (63488K), 1 survivors (1024K)
 Metaspace       used 91409K, committed 92480K, reserved 1179648K
  class space    used 11742K, committed 12288K, reserved 1048576K
}
Event: 42602.623 GC heap after
{Heap after GC invocations=139 (full 3):
 garbage-first heap   total reserved 1925120K, committed 106496K, used 36356K [0x000000008a800000, 0x0000000100000000)
  region size 1024K, 1 young (1024K), 1 survivors (1024K)
 Metaspace       used 91409K, committed 92480K, reserved 1179648K
  class space    used 11742K, committed 12288K, reserved 1048576K
}
Event: 42603.737 GC heap before
{Heap before GC invocations=139 (full 3):
 garbage-first heap   total reserved 1925120K, committed 106496K, used 97796K [0x000000008a800000, 0x0000000100000000)
  region size 1024K, 62 young (63488K), 1 survivors (1024K)
 Metaspace       used 91409K, committed 92480K, reserved 1179648K
  class space    used 11742K, committed 12288K, reserved 1048576K
}
Event: 42603.739 GC heap after
{Heap after GC invocations=140 (full 3):
 garbage-first heap   total reserved 1925120K, committed 106496K, used 36493K [0x000000008a800000, 0x0000000100000000)
  region size 1024K, 1 young (1024K), 1 survivors (1024K)
 Metaspace       used 91409K, committed 92480K, reserved 1179648K
  class space    used 11742K, committed 12288K, reserved 1048576K
}
Event: 42604.850 GC heap before
{Heap before GC invocations=141 (full 3):
 garbage-first heap   total reserved 1925120K, committed 106496K, used 97933K [0x000000008a800000, 0x0000000100000000)
  region size 1024K, 62 young (63488K), 1 survivors (1024K)
 Metaspace       used 91409K, committed 92480K, reserved 1179648K
  class space    used 11742K, committed 12288K, reserved 1048576K
}
Event: 42604.852 GC heap after
{Heap after GC invocations=142 (full 3):
 garbage-first heap   total reserved 1925120K, committed 106496K, used 36483K [0x000000008a800000, 0x0000000100000000)
  region size 1024K, 1 young (1024K), 1 survivors (1024K)
 Metaspace       used 91409K, committed 92480K, reserved 1179648K
  class space    used 11742K, committed 12288K, reserved 1048576K
}
Event: 42605.977 GC heap before
{Heap before GC invocations=142 (full 3):
 garbage-first heap   total reserved 1925120K, committed 106496K, used 97923K [0x000000008a800000, 0x0000000100000000)
  region size 1024K, 62 young (63488K), 1 survivors (1024K)
 Metaspace       used 91409K, committed 92480K, reserved 1179648K
  class space    used 11742K, committed 12288K, reserved 1048576K
}
Event: 42605.987 GC heap after
{Heap after GC invocations=143 (full 3):
 garbage-first heap   total reserved 1925120K, committed 106496K, used 36254K [0x000000008a800000, 0x0000000100000000)
  region size 1024K, 1 young (1024K), 1 survivors (1024K)
 Metaspace       used 91409K, committed 92480K, reserved 1179648K
  class space    used 11742K, committed 12288K, reserved 1048576K
}
Event: 42606.992 GC heap before
{Heap before GC invocations=143 (full 3):
 garbage-first heap   total reserved 1925120K, committed 106496K, used 96670K [0x000000008a800000, 0x0000000100000000)
  region size 1024K, 61 young (62464K), 1 survivors (1024K)
 Metaspace       used 91409K, committed 92480K, reserved 1179648K
  class space    used 11742K, committed 12288K, reserved 1048576K
}
Event: 42606.993 GC heap after
{Heap after GC invocations=144 (full 3):
 garbage-first heap   total reserved 1925120K, committed 106496K, used 36339K [0x000000008a800000, 0x0000000100000000)
  region size 1024K, 1 young (1024K), 1 survivors (1024K)
 Metaspace       used 91409K, committed 92480K, reserved 1179648K
  class space    used 11742K, committed 12288K, reserved 1048576K
}
Event: 42608.022 GC heap before
{Heap before GC invocations=145 (full 3):
 garbage-first heap   total reserved 1925120K, committed 106496K, used 96755K [0x000000008a800000, 0x0000000100000000)
  region size 1024K, 61 young (62464K), 1 survivors (1024K)
 Metaspace       used 91409K, committed 92480K, reserved 1179648K
  class space    used 11742K, committed 12288K, reserved 1048576K
}
Event: 42608.023 GC heap after
{Heap after GC invocations=146 (full 3):
 garbage-first heap   total reserved 1925120K, committed 106496K, used 36327K [0x000000008a800000, 0x0000000100000000)
  region size 1024K, 1 young (1024K), 1 survivors (1024K)
 Metaspace       used 91409K, committed 92480K, reserved 1179648K
  class space    used 11742K, committed 12288K, reserved 1048576K
}

