# JRE version: Java(TM) SE Runtime Environment (22.0.2+9) (build 22.0.2+9-70)
# Java VM: Java HotSpot(TM) 64-Bit Server VM (22.0.2+9-70, mixed mode, sharing, tiered, compressed oops, compressed class ptrs, g1 gc, windows-amd64)
GC Precious Log:
 CardTable entry size: 512
 Card Set container configuration: InlinePtr #cards 5 size 8 Array Of Cards #cards 12 size 40 Howl #buckets 4 coarsen threshold 1843 Howl Bitmap #cards 512 size 80 coarsen threshold 460 Card regions per heap region 1 cards per card region 2048
 CPUs: 12 total, 12 available
 Memory: 7514M
 Large Page Support: Disabled
 NUMA Support: Disabled
 Compressed Oops: Enabled (32-bit)
 Heap Region Size: 1M
 Heap Min Capacity: 8M
 Heap Initial Capacity: 118M
 Heap Max Capacity: 1880M
 Pre-touch: Disabled
 Parallel Workers: 10
 Concurrent Workers: 3
 Concurrent Refinement Workers: 10
 Periodic GC: Disabled
Heap:
 garbage-first heap   total reserved 1925120K, committed 89088K, used 43463K [0x000000008a800000, 0x0000000100000000)
  region size 1024K, 7 young (7168K), 1 survivors (1024K)
 Metaspace       used 84253K, committed 84992K, reserved 1179648K
  class space    used 11447K, committed 11776K, reserved 1048576K
GC Heap History (20 events):
Event: 180.899 GC heap before
{Heap before GC invocations=43 (full 0):
 garbage-first heap   total reserved 1925120K, committed 89088K, used 80784K [0x000000008a800000, 0x0000000100000000)
  region size 1024K, 43 young (44032K), 1 survivors (1024K)
 Metaspace       used 84221K, committed 84992K, reserved 1179648K
  class space    used 11447K, committed 11776K, reserved 1048576K
}
Event: 180.901 GC heap after
{Heap after GC invocations=44 (full 0):
 garbage-first heap   total reserved 1925120K, committed 89088K, used 38622K [0x000000008a800000, 0x0000000100000000)
  region size 1024K, 1 young (1024K), 1 survivors (1024K)
 Metaspace       used 84221K, committed 84992K, reserved 1179648K
  class space    used 11447K, committed 11776K, reserved 1048576K
}
Event: 182.583 GC heap before
{Heap before GC invocations=44 (full 0):
 garbage-first heap   total reserved 1925120K, committed 89088K, used 80606K [0x000000008a800000, 0x0000000100000000)
  region size 1024K, 43 young (44032K), 1 survivors (1024K)
 Metaspace       used 84222K, committed 84992K, reserved 1179648K
  class space    used 11447K, committed 11776K, reserved 1048576K
}
Event: 182.585 GC heap after
{Heap after GC invocations=45 (full 0):
 garbage-first heap   total reserved 1925120K, committed 89088K, used 38761K [0x000000008a800000, 0x0000000100000000)
  region size 1024K, 1 young (1024K), 1 survivors (1024K)
 Metaspace       used 84222K, committed 84992K, reserved 1179648K
  class space    used 11447K, committed 11776K, reserved 1048576K
}
Event: 184.113 GC heap before
{Heap before GC invocations=46 (full 0):
 garbage-first heap   total reserved 1925120K, committed 89088K, used 80745K [0x000000008a800000, 0x0000000100000000)
  region size 1024K, 43 young (44032K), 1 survivors (1024K)
 Metaspace       used 84242K, committed 84992K, reserved 1179648K
  class space    used 11447K, committed 11776K, reserved 1048576K
}
Event: 184.115 GC heap after
{Heap after GC invocations=47 (full 0):
 garbage-first heap   total reserved 1925120K, committed 89088K, used 38741K [0x000000008a800000, 0x0000000100000000)
  region size 1024K, 1 young (1024K), 1 survivors (1024K)
 Metaspace       used 84242K, committed 84992K, reserved 1179648K
  class space    used 11447K, committed 11776K, reserved 1048576K
}
Event: 185.824 GC heap before
{Heap before GC invocations=47 (full 0):
 garbage-first heap   total reserved 1925120K, committed 89088K, used 81749K [0x000000008a800000, 0x0000000100000000)
  region size 1024K, 43 young (44032K), 1 survivors (1024K)
 Metaspace       used 84242K, committed 84992K, reserved 1179648K
  class space    used 11447K, committed 11776K, reserved 1048576K
}
Event: 185.826 GC heap after
{Heap after GC invocations=48 (full 0):
 garbage-first heap   total reserved 1925120K, committed 89088K, used 38448K [0x000000008a800000, 0x0000000100000000)
  region size 1024K, 1 young (1024K), 1 survivors (1024K)
 Metaspace       used 84242K, committed 84992K, reserved 1179648K
  class space    used 11447K, committed 11776K, reserved 1048576K
}
Event: 187.397 GC heap before
{Heap before GC invocations=48 (full 0):
 garbage-first heap   total reserved 1925120K, committed 89088K, used 80432K [0x000000008a800000, 0x0000000100000000)
  region size 1024K, 43 young (44032K), 1 survivors (1024K)
 Metaspace       used 84243K, committed 84992K, reserved 1179648K
  class space    used 11447K, committed 11776K, reserved 1048576K
}
Event: 187.399 GC heap after
{Heap after GC invocations=49 (full 0):
 garbage-first heap   total reserved 1925120K, committed 89088K, used 38468K [0x000000008a800000, 0x0000000100000000)
  region size 1024K, 1 young (1024K), 1 survivors (1024K)
 Metaspace       used 84243K, committed 84992K, reserved 1179648K
  class space    used 11447K, committed 11776K, reserved 1048576K
}
Event: 189.367 GC heap before
{Heap before GC invocations=50 (full 0):
 garbage-first heap   total reserved 1925120K, committed 89088K, used 80452K [0x000000008a800000, 0x0000000100000000)
  region size 1024K, 43 young (44032K), 1 survivors (1024K)
 Metaspace       used 84243K, committed 84992K, reserved 1179648K
  class space    used 11447K, committed 11776K, reserved 1048576K
}
Event: 189.369 GC heap after
{Heap after GC invocations=51 (full 0):
 garbage-first heap   total reserved 1925120K, committed 89088K, used 38503K [0x000000008a800000, 0x0000000100000000)
  region size 1024K, 1 young (1024K), 1 survivors (1024K)
 Metaspace       used 84243K, committed 84992K, reserved 1179648K
  class space    used 11447K, committed 11776K, reserved 1048576K
}
Event: 190.971 GC heap before
{Heap before GC invocations=51 (full 0):
 garbage-first heap   total reserved 1925120K, committed 89088K, used 80487K [0x000000008a800000, 0x0000000100000000)
  region size 1024K, 43 young (44032K), 1 survivors (1024K)
 Metaspace       used 84244K, committed 84992K, reserved 1179648K
  class space    used 11447K, committed 11776K, reserved 1048576K
}
Event: 190.973 GC heap after
{Heap after GC invocations=52 (full 0):
 garbage-first heap   total reserved 1925120K, committed 89088K, used 38357K [0x000000008a800000, 0x0000000100000000)
  region size 1024K, 1 young (1024K), 1 survivors (1024K)
 Metaspace       used 84244K, committed 84992K, reserved 1179648K
  class space    used 11447K, committed 11776K, reserved 1048576K
}
Event: 192.388 GC heap before
{Heap before GC invocations=52 (full 0):
 garbage-first heap   total reserved 1925120K, committed 89088K, used 80341K [0x000000008a800000, 0x0000000100000000)
  region size 1024K, 43 young (44032K), 1 survivors (1024K)
 Metaspace       used 84244K, committed 84992K, reserved 1179648K
  class space    used 11447K, committed 11776K, reserved 1048576K
}
Event: 192.390 GC heap after
{Heap after GC invocations=53 (full 0):
 garbage-first heap   total reserved 1925120K, committed 89088K, used 38415K [0x000000008a800000, 0x0000000100000000)
  region size 1024K, 1 young (1024K), 1 survivors (1024K)
 Metaspace       used 84244K, committed 84992K, reserved 1179648K
  class space    used 11447K, committed 11776K, reserved 1048576K
}
Event: 195.473 GC heap before
{Heap before GC invocations=54 (full 0):
 garbage-first heap   total reserved 1925120K, committed 89088K, used 80399K [0x000000008a800000, 0x0000000100000000)
  region size 1024K, 43 young (44032K), 1 survivors (1024K)
 Metaspace       used 84252K, committed 84992K, reserved 1179648K
  class space    used 11447K, committed 11776K, reserved 1048576K
}
Event: 195.475 GC heap after
{Heap after GC invocations=55 (full 0):
 garbage-first heap   total reserved 1925120K, committed 89088K, used 38393K [0x000000008a800000, 0x0000000100000000)
  region size 1024K, 1 young (1024K), 1 survivors (1024K)
 Metaspace       used 84252K, committed 84992K, reserved 1179648K
  class space    used 11447K, committed 11776K, reserved 1048576K
}
Event: 197.231 GC heap before
{Heap before GC invocations=55 (full 0):
 garbage-first heap   total reserved 1925120K, committed 89088K, used 80377K [0x000000008a800000, 0x0000000100000000)
  region size 1024K, 43 young (44032K), 1 survivors (1024K)
 Metaspace       used 84253K, committed 84992K, reserved 1179648K
  class space    used 11447K, committed 11776K, reserved 1048576K
}
Event: 197.233 GC heap after
{Heap after GC invocations=56 (full 0):
 garbage-first heap   total reserved 1925120K, committed 89088K, used 38343K [0x000000008a800000, 0x0000000100000000)
  region size 1024K, 1 young (1024K), 1 survivors (1024K)
 Metaspace       used 84253K, committed 84992K, reserved 1179648K
  class space    used 11447K, committed 11776K, reserved 1048576K
}

