# JRE version: Java(TM) SE Runtime Environment (22.0.2+9) (build 22.0.2+9-70)
# Java VM: Java HotSpot(TM) 64-Bit Server VM (22.0.2+9-70, mixed mode, sharing, tiered, compressed oops, compressed class ptrs, g1 gc, windows-amd64)
GC Precious Log:
 CardTable entry size: 512
 Card Set container configuration: InlinePtr #cards 5 size 8 Array Of Cards #cards 12 size 40 Howl #buckets 4 coarsen threshold 1843 Howl Bitmap #cards 512 size 80 coarsen threshold 460 Card regions per heap region 1 cards per card region 2048
 CPUs: 12 total, 12 available
 Memory: 7514M
 Large Page Support: Disabled
 NUMA Support: Disabled
 Compressed Oops: Enabled (32-bit)
 Heap Region Size: 1M
 Heap Min Capacity: 8M
 Heap Initial Capacity: 118M
 Heap Max Capacity: 1880M
 Pre-touch: Disabled
 Parallel Workers: 10
 Concurrent Workers: 3
 Concurrent Refinement Workers: 10
 Periodic GC: Disabled
Heap:
 garbage-first heap   total reserved 1925120K, committed 131072K, used 113105K [0x000000008a800000, 0x0000000100000000)
  region size 1024K, 76 young (77824K), 1 survivors (1024K)
 Metaspace       used 85281K, committed 86016K, reserved 1179648K
  class space    used 11595K, committed 11904K, reserved 1048576K
GC Heap History (20 events):
Event: 477.881 GC heap before
{Heap before GC invocations=90 (full 0):
 garbage-first heap   total reserved 1925120K, committed 131072K, used 114109K [0x000000008a800000, 0x0000000100000000)
  region size 1024K, 76 young (77824K), 1 survivors (1024K)
 Metaspace       used 85281K, committed 86016K, reserved 1179648K
  class space    used 11595K, committed 11904K, reserved 1048576K
}
Event: 477.883 GC heap after
{Heap after GC invocations=91 (full 0):
 garbage-first heap   total reserved 1925120K, committed 131072K, used 38338K [0x000000008a800000, 0x0000000100000000)
  region size 1024K, 1 young (1024K), 1 survivors (1024K)
 Metaspace       used 85281K, committed 86016K, reserved 1179648K
  class space    used 11595K, committed 11904K, reserved 1048576K
}
Event: 479.380 GC heap before
{Heap before GC invocations=91 (full 0):
 garbage-first heap   total reserved 1925120K, committed 131072K, used 114114K [0x000000008a800000, 0x0000000100000000)
  region size 1024K, 76 young (77824K), 1 survivors (1024K)
 Metaspace       used 85281K, committed 86016K, reserved 1179648K
  class space    used 11595K, committed 11904K, reserved 1048576K
}
Event: 479.382 GC heap after
{Heap after GC invocations=92 (full 0):
 garbage-first heap   total reserved 1925120K, committed 131072K, used 38363K [0x000000008a800000, 0x0000000100000000)
  region size 1024K, 1 young (1024K), 1 survivors (1024K)
 Metaspace       used 85281K, committed 86016K, reserved 1179648K
  class space    used 11595K, committed 11904K, reserved 1048576K
}
Event: 481.007 GC heap before
{Heap before GC invocations=93 (full 0):
 garbage-first heap   total reserved 1925120K, committed 131072K, used 114139K [0x000000008a800000, 0x0000000100000000)
  region size 1024K, 76 young (77824K), 1 survivors (1024K)
 Metaspace       used 85281K, committed 86016K, reserved 1179648K
  class space    used 11595K, committed 11904K, reserved 1048576K
}
Event: 481.009 GC heap after
{Heap after GC invocations=94 (full 0):
 garbage-first heap   total reserved 1925120K, committed 131072K, used 38336K [0x000000008a800000, 0x0000000100000000)
  region size 1024K, 1 young (1024K), 1 survivors (1024K)
 Metaspace       used 85281K, committed 86016K, reserved 1179648K
  class space    used 11595K, committed 11904K, reserved 1048576K
}
Event: 482.568 GC heap before
{Heap before GC invocations=94 (full 0):
 garbage-first heap   total reserved 1925120K, committed 131072K, used 114112K [0x000000008a800000, 0x0000000100000000)
  region size 1024K, 76 young (77824K), 1 survivors (1024K)
 Metaspace       used 85281K, committed 86016K, reserved 1179648K
  class space    used 11595K, committed 11904K, reserved 1048576K
}
Event: 482.570 GC heap after
{Heap after GC invocations=95 (full 0):
 garbage-first heap   total reserved 1925120K, committed 131072K, used 38367K [0x000000008a800000, 0x0000000100000000)
  region size 1024K, 1 young (1024K), 1 survivors (1024K)
 Metaspace       used 85281K, committed 86016K, reserved 1179648K
  class space    used 11595K, committed 11904K, reserved 1048576K
}
Event: 484.042 GC heap before
{Heap before GC invocations=96 (full 0):
 garbage-first heap   total reserved 1925120K, committed 131072K, used 114143K [0x000000008a800000, 0x0000000100000000)
  region size 1024K, 76 young (77824K), 1 survivors (1024K)
 Metaspace       used 85281K, committed 86016K, reserved 1179648K
  class space    used 11595K, committed 11904K, reserved 1048576K
}
Event: 484.044 GC heap after
{Heap after GC invocations=97 (full 0):
 garbage-first heap   total reserved 1925120K, committed 131072K, used 38341K [0x000000008a800000, 0x0000000100000000)
  region size 1024K, 1 young (1024K), 1 survivors (1024K)
 Metaspace       used 85281K, committed 86016K, reserved 1179648K
  class space    used 11595K, committed 11904K, reserved 1048576K
}
Event: 485.472 GC heap before
{Heap before GC invocations=97 (full 0):
 garbage-first heap   total reserved 1925120K, committed 131072K, used 114117K [0x000000008a800000, 0x0000000100000000)
  region size 1024K, 76 young (77824K), 1 survivors (1024K)
 Metaspace       used 85281K, committed 86016K, reserved 1179648K
  class space    used 11595K, committed 11904K, reserved 1048576K
}
Event: 485.474 GC heap after
{Heap after GC invocations=98 (full 0):
 garbage-first heap   total reserved 1925120K, committed 131072K, used 38342K [0x000000008a800000, 0x0000000100000000)
  region size 1024K, 1 young (1024K), 1 survivors (1024K)
 Metaspace       used 85281K, committed 86016K, reserved 1179648K
  class space    used 11595K, committed 11904K, reserved 1048576K
}
Event: 486.928 GC heap before
{Heap before GC invocations=99 (full 0):
 garbage-first heap   total reserved 1925120K, committed 131072K, used 114118K [0x000000008a800000, 0x0000000100000000)
  region size 1024K, 76 young (77824K), 1 survivors (1024K)
 Metaspace       used 85281K, committed 86016K, reserved 1179648K
  class space    used 11595K, committed 11904K, reserved 1048576K
}
Event: 486.930 GC heap after
{Heap after GC invocations=100 (full 0):
 garbage-first heap   total reserved 1925120K, committed 131072K, used 38355K [0x000000008a800000, 0x0000000100000000)
  region size 1024K, 1 young (1024K), 1 survivors (1024K)
 Metaspace       used 85281K, committed 86016K, reserved 1179648K
  class space    used 11595K, committed 11904K, reserved 1048576K
}
Event: 488.396 GC heap before
{Heap before GC invocations=100 (full 0):
 garbage-first heap   total reserved 1925120K, committed 131072K, used 114131K [0x000000008a800000, 0x0000000100000000)
  region size 1024K, 76 young (77824K), 1 survivors (1024K)
 Metaspace       used 85281K, committed 86016K, reserved 1179648K
  class space    used 11595K, committed 11904K, reserved 1048576K
}
Event: 488.398 GC heap after
{Heap after GC invocations=101 (full 0):
 garbage-first heap   total reserved 1925120K, committed 131072K, used 38325K [0x000000008a800000, 0x0000000100000000)
  region size 1024K, 1 young (1024K), 1 survivors (1024K)
 Metaspace       used 85281K, committed 86016K, reserved 1179648K
  class space    used 11595K, committed 11904K, reserved 1048576K
}
Event: 489.951 GC heap before
{Heap before GC invocations=102 (full 0):
 garbage-first heap   total reserved 1925120K, committed 131072K, used 114101K [0x000000008a800000, 0x0000000100000000)
  region size 1024K, 76 young (77824K), 1 survivors (1024K)
 Metaspace       used 85281K, committed 86016K, reserved 1179648K
  class space    used 11595K, committed 11904K, reserved 1048576K
}
Event: 489.953 GC heap after
{Heap after GC invocations=103 (full 0):
 garbage-first heap   total reserved 1925120K, committed 131072K, used 38388K [0x000000008a800000, 0x0000000100000000)
  region size 1024K, 1 young (1024K), 1 survivors (1024K)
 Metaspace       used 85281K, committed 86016K, reserved 1179648K
  class space    used 11595K, committed 11904K, reserved 1048576K
}
Event: 491.463 GC heap before
{Heap before GC invocations=103 (full 0):
 garbage-first heap   total reserved 1925120K, committed 131072K, used 114164K [0x000000008a800000, 0x0000000100000000)
  region size 1024K, 76 young (77824K), 1 survivors (1024K)
 Metaspace       used 85281K, committed 86016K, reserved 1179648K
  class space    used 11595K, committed 11904K, reserved 1048576K
}
Event: 491.466 GC heap after
{Heap after GC invocations=104 (full 0):
 garbage-first heap   total reserved 1925120K, committed 131072K, used 38353K [0x000000008a800000, 0x0000000100000000)
  region size 1024K, 1 young (1024K), 1 survivors (1024K)
 Metaspace       used 85281K, committed 86016K, reserved 1179648K
  class space    used 11595K, committed 11904K, reserved 1048576K
}

